This is SBCL 2.0.10, an implementation of ANSI Common Lisp.
More information about SBCL is available at <http://www.sbcl.org/>.

SBCL is free software, provided as is, with absolutely no warranty.
It is mostly in the public domain; some portions are provided under
BSD-style licenses.  See the CREDITS and COPYING files in the
distribution for more information.
; compiling file "/home/shalaev/quicklisp/local-projects/simple-log/example.lisp" (written 04 JAN 2021 02:20:57 PM):
; processing (DEFPACKAGE :SIMPLE-LOG/EXAMPLE ...)
; processing (IN-PACKAGE :SIMPLE-LOG/EXAMPLE)
; processing (DEFUN LOG-SLU ...)
; processing (DEFUN LOG-SLD ...)
; processing (DEFUN MAIN ...)

; wrote /home/shalaev/.cache/common-lisp/sbcl-2.0.10-linux-x64/home/shalaev/quicklisp/local-projects/simple-log/example-tmpGHU3ALSV.fasl
; compilation finished in 0:00:00.004
[undoing binding stack and other enclosing state... done]
[performing final GC... done]
[defragmenting immobile space... (fin,inst,fdefn,code,sym)=1038+954+18408+19159+25655... done]
[saving current Lisp image into /home/shalaev/quicklisp/local-projects/simple-log/example.bin:
writing 0 bytes from the read-only space at 0x50000000
compressed 0 bytes into 8 at level -1
writing 736 bytes from the static space at 0x50100000
compressed 32768 bytes into 277 at level -1
writing 28213248 bytes from the dynamic space at 0x1000000000
compressed 28213248 bytes into 6585543 at level -1
writing 2019328 bytes from the immobile space at 0x50200000
compressed 2031616 bytes into 570654 at level -1
writing 12161024 bytes from the immobile space at 0x52000000
compressed 12189696 bytes into 3902089 at level -1
done]
